<?xml version="1.0" encoding="UTF-8"?>
<!-- Generated by org.testng.reporters.JUnitReportReporter -->
<testsuite skipped="0" hostname="DESKTOP-2U8GKRP" name="runner.Runner" tests="3" failures="0" timestamp="2022-03-23T12:31:03 IST" time="21.749" errors="0">
  <testcase name="Scenario" time="6.190" classname="runner.Runner"/>
  <system-out/>
  <testcase name="Scenario" time="9.224" classname="runner.Runner"/>
  <system-out/>
  <testcase name="Scenario" time="6.335" classname="runner.Runner"/>
  <system-out/>
</testsuite> <!-- runner.Runner -->
